<?xml version="1.0" encoding="UTF-8"?>
<!-- Generated by org.testng.reporters.JUnitReportReporter -->
<testsuite hostname="DESKTOP-8Q41GAR" failures="0" tests="1" name="com.cucumber.runner.ShoppingRunnerTest" time="83.929" errors="0" timestamp="2022-09-25T00:14:36 IST" skipped="0">
  <testcase classname="com.cucumber.runner.ShoppingRunnerTest" name="runScenario" time="83.929"/>
  <system-out/>
</testsuite> <!-- com.cucumber.runner.ShoppingRunnerTest -->
